p/img(150).jpg 1 0 0 1440 1080
p/img(149).jpg 1 0 0 1440 1080
p/img(148).jpg 1 0 0 1440 1080
p/img(147).jpg 1 0 0 1440 1080
p/img(146).jpg 1 0 0 1440 1080
p/img(145).jpg 1 0 0 1440 1080
p/img(144).jpg 1 0 0 1440 1080
p/img(143).jpg 1 0 0 1440 1080
p/img(142).jpg 1 0 0 1440 1080
p/img(141).jpg 1 0 0 1440 1080
p/img(140).jpg 1 0 0 1440 1080
p/img(139).jpg 1 0 0 1440 1080
p/img(138).jpg 1 0 0 1440 1080
p/img(137).jpg 1 0 0 1440 1080
p/img(136).jpg 1 0 0 1440 1080
p/img(135).jpg 1 0 0 1440 1080
p/img(134).jpg 1 0 0 1440 1080
p/img(133).jpg 1 0 0 1440 1080
p/img(132).jpg 1 0 0 1440 1080
p/img(131).jpg 1 0 0 1440 1080
p/img(130).jpg 1 0 0 1440 1080
p/img(129).jpg 1 0 0 1440 1080
p/img(128).jpg 1 0 0 1440 1080
p/img(127).jpg 1 0 0 1440 1080
p/img(126).jpg 1 0 0 1440 1080
p/img(125).jpg 1 0 0 1440 1080
p/img(124).jpg 1 0 0 1440 1080
p/img(123).jpg 1 0 0 1440 1080
p/img(122).jpg 1 0 0 1440 1080
p/img(121).jpg 1 0 0 1440 1080
p/img(120).jpg 1 0 0 1440 1080
p/img(119).jpg 1 0 0 1440 1080
p/img(118).jpg 1 0 0 1440 1080
p/img(117).jpg 1 0 0 1440 1080
p/img(116).jpg 1 0 0 1440 1080
p/img(115).jpg 1 0 0 1440 1080
p/img(114).jpg 1 0 0 1440 1080
p/img(113).jpg 1 0 0 1440 1080
p/img(112).jpg 1 0 0 1440 1080
p/img(111).jpg 1 0 0 1440 1080
p/img(110).jpg 1 0 0 1440 1080
p/img(109).jpg 1 0 0 1440 1080
p/img(108).jpg 1 0 0 1440 1080
p/img(107).jpg 1 0 0 1440 1080
p/img(106).jpg 1 0 0 1440 1080
p/img(105).jpg 1 0 0 1440 1080
p/img(104).jpg 1 0 0 1440 1080
p/img(103).jpg 1 0 0 1440 1080
p/img(102).jpg 1 0 0 1440 1080
p/img(101).jpg 1 0 0 1440 1080
p/img(100).jpg 1 0 0 1440 1080
p/img(99).jpg 1 0 0 1440 1080
p/img(98).jpg 1 0 0 1440 1080
p/img(97).jpg 1 0 0 1440 1080
p/img(96).jpg 1 0 0 1440 1080
p/img(95).jpg 1 0 0 1440 1080
p/img(94).jpg 1 0 0 1440 1080
p/img(93).jpg 1 0 0 1440 1080
p/img(92).jpg 1 0 0 1440 1080
p/img(91).jpg 1 0 0 1440 1080
p/img(90).jpg 1 0 0 1440 1080
p/img(89).jpg 1 0 0 1440 1080
p/img(88).jpg 1 0 0 1440 1080
p/img(87).jpg 1 0 0 1440 1080
p/img(86).jpg 1 0 0 1440 1080
p/img(85).jpg 1 0 0 1440 1080
p/img(84).jpg 1 0 0 1440 1080
p/img(83).jpg 1 0 0 1440 1080
p/img(82).jpg 1 0 0 1440 1080
p/img(81).jpg 1 0 0 1440 1080
p/img(80).jpg 1 0 0 1440 1080
p/img(79).jpg 1 0 0 1440 1080
p/img(78).jpg 1 0 0 1440 1080
p/img(77).jpg 1 0 0 1440 1080
p/img(76).jpg 1 0 0 1440 1080
p/img(75).jpg 1 0 0 1440 1080
p/img(74).jpg 1 0 0 1440 1080
p/img(73).jpg 1 0 0 1440 1080
p/img(72).jpg 1 0 0 1440 1080
p/img(71).jpg 1 0 0 1440 1080
p/img(70).jpg 1 0 0 1440 1080
p/img(69).jpg 1 0 0 1440 1080
p/img(68).jpg 1 0 0 1440 1080
p/img(67).jpg 1 0 0 1440 1080
p/img(66).jpg 1 0 0 1440 1080
p/img(65).jpg 1 0 0 1440 1080
p/img(64).jpg 1 0 0 1440 1080
p/img(63).jpg 1 0 0 1440 1080
p/img(62).jpg 1 0 0 1440 1080
p/img(61).jpg 1 0 0 1440 1080
p/img(60).jpg 1 0 0 1440 1080
p/img(59).jpg 1 0 0 1440 1080
p/img(58).jpg 1 0 0 1440 1080
p/img(57).jpg 1 0 0 1440 1080
p/img(56).jpg 1 0 0 1440 1080
p/img(55).jpg 1 0 0 1440 1080
p/img(54).jpg 1 0 0 1440 1080
p/img(53).jpg 1 0 0 1440 1080
p/img(52).jpg 1 0 0 1440 1080
p/img(51).jpg 1 0 0 1440 1080
p/img(50).jpg 1 0 0 1440 1080
p/img(49).jpg 1 0 0 1440 1080
p/img(48).jpg 1 0 0 1440 1080
p/img(47).jpg 1 0 0 1440 1080
p/img(46).jpg 1 0 0 1440 1080
p/img(45).jpg 1 0 0 1440 1080
p/img(44).jpg 1 0 0 1440 1080
p/img(43).jpg 1 0 0 1440 1080
p/img(42).jpg 1 0 0 1440 1080
p/img(41).jpg 1 0 0 1440 1080
p/img(40).jpg 1 0 0 1440 1080
p/img(39).jpg 1 0 0 1440 1080
p/img(38).jpg 1 0 0 1440 1080
p/img(37).jpg 1 0 0 1440 1080
p/img(36).jpg 1 0 0 1440 1080
p/img(35).jpg 1 0 0 1440 1080
p/img(34).jpg 1 0 0 1440 1080
p/img(33).jpg 1 0 0 1440 1080
p/img(32).jpg 1 0 0 1440 1080
p/img(31).jpg 1 0 0 1440 1080
p/img(30).jpg 1 0 0 1440 1080
p/img(29).jpg 1 0 0 1440 1080
p/img(28).jpg 1 0 0 1440 1080
p/img(27).jpg 1 0 0 1440 1080
p/img(26).jpg 1 0 0 1440 1080
p/img(25).jpg 1 0 0 1440 1080
p/img(24).jpg 1 0 0 1440 1080
p/img(23).jpg 1 0 0 1440 1080
p/img(22).jpg 1 0 0 1440 1080
p/img(21).jpg 1 0 0 1440 1080
p/img(20).jpg 1 0 0 1440 1080
p/img(19).jpg 1 0 0 1440 1080
p/img(18).jpg 1 0 0 1440 1080
p/img(17).jpg 1 0 0 1440 1080
p/img(16).jpg 1 0 0 1440 1080
p/img(15).jpg 1 0 0 1440 1080
p/img(14).jpg 1 0 0 1440 1080
p/img(13).jpg 1 0 0 1440 1080
p/img(12).jpg 1 0 0 1440 1080
p/img(11).jpg 1 0 0 1440 1080
p/img(10).jpg 1 0 0 1440 1080
p/img(9).jpg 1 0 0 1440 1080
p/img(8).jpg 1 0 0 1440 1080
p/img(7).jpg 1 0 0 1440 1080
p/img(6).jpg 1 0 0 1440 1080
p/img(5).jpg 1 0 0 1440 1080
p/img(4).jpg 1 0 0 1440 1080
p/img(3).jpg 1 0 0 1440 1080
p/img(2).jpg 1 0 0 1440 1080
p/img(1).jpg 1 0 0 1440 1080
p/img(0).jpg 1 0 0 1440 1080